<?xml version="1.0" encoding="UTF-8"?>
<testng-results skipped="0" failed="0" ignored="0" total="2" passed="2">
  <reporter-output>
  </reporter-output>
  <suite name="Suite" duration-ms="100399" started-at="2020-10-30T10:49:23Z" finished-at="2020-10-30T10:51:03Z">
    <groups>
    </groups>
    <test name="Test2" duration-ms="100399" started-at="2020-10-30T10:49:23Z" finished-at="2020-10-30T10:51:03Z">
      <class name="TestCases.Objects">
        <test-method status="PASS" signature="invokebrowser(java.lang.String)[pri:0, instance:TestCases.Objects@7c29daf3]" name="invokebrowser" duration-ms="20333" started-at="2020-10-30T10:49:23Z" finished-at="2020-10-30T10:49:43Z">
          <params>
            <param index="0">
              <value>
                <![CDATA[edge]]>
              </value>
            </param>
          </params>
          <reporter-output>
          </reporter-output>
        </test-method> <!-- invokebrowser -->
        <test-method status="PASS" signature="test()[pri:1, instance:TestCases.Objects@7c29daf3]" name="test" duration-ms="80054" started-at="2020-10-30T10:49:43Z" finished-at="2020-10-30T10:51:03Z">
          <reporter-output>
          </reporter-output>
        </test-method> <!-- test -->
        <test-method status="PASS" signature="close()[pri:0, instance:TestCases.Objects@7c29daf3]" name="close" is-config="true" duration-ms="322" started-at="2020-10-30T10:51:03Z" finished-at="2020-10-30T10:51:03Z">
          <reporter-output>
          </reporter-output>
        </test-method> <!-- close -->
      </class> <!-- TestCases.Objects -->
    </test> <!-- Test2 -->
  </suite> <!-- Suite -->
</testng-results>
